2022-08-20 13:51:43,389 INFO [default] Check video_path and save_path.
2022-08-20 13:51:43,473 INFO [default] Detect start!
2022-08-20 13:51:43,474 INFO [default] Enter q to exit.
2022-08-20 13:51:44,483 INFO [default] Find fire! At [650, 321]
2022-08-20 13:51:44,719 INFO [default] Detect start!
2022-08-20 13:51:44,730 INFO [default] Enter q to exit.
2022-08-20 13:51:45,322 INFO [default] Find fire! At [650, 321]
2022-08-20 13:51:45,411 INFO [default] Detect start!
2022-08-20 13:51:45,415 INFO [default] Enter q to exit.
2022-08-20 13:51:45,979 INFO [default] Find fire! At [647, 323]
2022-08-20 13:51:46,065 INFO [default] Detect start!
2022-08-20 13:51:46,065 INFO [default] Enter q to exit.
2022-08-20 13:51:46,640 INFO [default] Find fire! At [645, 322;
 602, 501;
 784, 479]
2022-08-20 13:51:46,643 INFO [default] Find fire! At [645, 322;
 602, 501;
 784, 479]
2022-08-20 13:51:46,644 INFO [default] Find fire! At [645, 322;
 602, 501;
 784, 479]
2022-08-20 13:51:46,726 INFO [default] Detect start!
2022-08-20 13:51:46,726 INFO [default] Enter q to exit.
2022-08-20 13:51:47,268 INFO [default] Find fire! At [654, 326;
 593, 493;
 726, 477]
2022-08-20 13:51:47,269 INFO [default] Find fire! At [654, 326;
 593, 493;
 726, 477]
2022-08-20 13:51:47,270 INFO [default] Find fire! At [654, 326;
 593, 493;
 726, 477]
2022-08-20 13:51:47,345 INFO [default] Detect start!
2022-08-20 13:51:47,346 INFO [default] Enter q to exit.
2022-08-20 13:51:47,952 INFO [default] Find fire! At [648, 325;
 695, 469]
2022-08-20 13:51:47,953 INFO [default] Find fire! At [648, 325;
 695, 469]
2022-08-20 13:51:48,036 INFO [default] Detect start!
2022-08-20 13:51:48,036 INFO [default] Enter q to exit.
2022-08-20 13:51:48,623 INFO [default] Find fire! At [646, 326;
 767, 482]
2022-08-20 13:51:48,624 INFO [default] Find fire! At [646, 326;
 767, 482]
2022-08-20 13:51:48,698 INFO [default] Detect start!
2022-08-20 13:51:48,698 INFO [default] Enter q to exit.
2022-08-20 13:51:49,266 INFO [default] Find fire! At [648, 326;
 750, 480]
2022-08-20 13:51:49,267 INFO [default] Find fire! At [648, 326;
 750, 480]
2022-08-20 13:51:49,345 INFO [default] Detect start!
2022-08-20 13:51:49,345 INFO [default] Enter q to exit.
2022-08-20 13:51:49,946 INFO [default] Find fire! At [647, 329]
2022-08-20 13:51:50,028 INFO [default] Detect start!
2022-08-20 13:51:50,028 INFO [default] Enter q to exit.
2022-08-20 13:51:50,605 INFO [default] Find fire! At [649, 329;
 758, 487;
 593, 471]
2022-08-20 13:51:50,606 INFO [default] Find fire! At [649, 329;
 758, 487;
 593, 471]
2022-08-20 13:51:50,606 INFO [default] Find fire! At [649, 329;
 758, 487;
 593, 471]
2022-08-20 13:51:51,309 INFO [default] Detect start!
2022-08-20 13:51:51,309 INFO [default] Enter q to exit.
2022-08-20 13:51:51,781 INFO [default] Find fire! At [649, 330;
 752, 487]
2022-08-20 13:51:51,782 INFO [default] Find fire! At [649, 330;
 752, 487]
2022-08-20 13:51:51,860 INFO [default] Detect start!
2022-08-20 13:51:51,861 INFO [default] Enter q to exit.
2022-08-20 13:51:52,303 INFO [default] Find fire! At [645, 333;
 779, 485]
2022-08-20 13:51:52,304 INFO [default] Find fire! At [645, 333;
 779, 485]
2022-08-20 13:51:52,378 INFO [default] Detect start!
2022-08-20 13:51:52,379 INFO [default] Enter q to exit.
2022-08-20 13:51:52,826 INFO [default] Find fire! At [651, 332]
2022-08-20 13:51:52,903 INFO [default] Detect start!
2022-08-20 13:51:52,903 INFO [default] Enter q to exit.
2022-08-20 13:51:53,396 INFO [default] Find fire! At [655, 333]
2022-08-20 13:51:53,471 INFO [default] Detect start!
2022-08-20 13:51:53,471 INFO [default] Enter q to exit.
2022-08-20 13:51:53,944 INFO [default] Find fire! At [656, 334]
2022-08-20 13:51:54,027 INFO [default] Detect start!
2022-08-20 13:51:54,027 INFO [default] Enter q to exit.
2022-08-20 13:51:54,615 INFO [default] Find fire! At [656, 334]
2022-08-20 13:51:54,818 INFO [default] Detect start!
2022-08-20 13:51:54,818 INFO [default] Enter q to exit.
2022-08-20 13:51:55,362 INFO [default] Find fire! At [650, 336]
2022-08-20 13:51:55,436 INFO [default] Detect start!
2022-08-20 13:51:55,436 INFO [default] Enter q to exit.
2022-08-20 13:51:56,051 INFO [default] Find fire! At [653, 334;
 765, 490]
2022-08-20 13:51:56,052 INFO [default] Find fire! At [653, 334;
 765, 490]
2022-08-20 13:51:56,132 INFO [default] Detect start!
2022-08-20 13:51:56,132 INFO [default] Enter q to exit.
2022-08-20 13:51:56,724 INFO [default] Find fire! At [650, 336;
 616, 497]
2022-08-20 13:51:56,725 INFO [default] Find fire! At [650, 336;
 616, 497]
2022-08-20 13:51:56,796 INFO [default] Detect start!
2022-08-20 13:51:56,796 INFO [default] Enter q to exit.
2022-08-20 13:51:57,367 INFO [default] Find fire! At [650, 336;
 716, 499]
2022-08-20 13:51:57,368 INFO [default] Find fire! At [650, 336;
 716, 499]
2022-08-20 13:51:57,443 INFO [default] Detect start!
2022-08-20 13:51:57,443 INFO [default] Enter q to exit.
2022-08-20 13:51:58,016 INFO [default] Find fire! At [649, 336]
2022-08-20 13:51:58,093 INFO [default] Detect start!
2022-08-20 13:51:58,093 INFO [default] Enter q to exit.
2022-08-20 13:51:58,680 INFO [default] Find fire! At [649, 337]
2022-08-20 13:51:58,755 INFO [default] Detect start!
2022-08-20 13:51:58,756 INFO [default] Enter q to exit.
2022-08-20 13:51:59,332 INFO [default] Find fire! At [659, 338;
 744, 491]
2022-08-20 13:51:59,333 INFO [default] Find fire! At [659, 338;
 744, 491]
2022-08-20 13:51:59,409 INFO [default] Detect start!
2022-08-20 13:51:59,410 INFO [default] Enter q to exit.
2022-08-20 13:51:59,980 INFO [default] Find fire! At [659, 339;
 589, 500]
2022-08-20 13:51:59,980 INFO [default] Find fire! At [659, 339;
 589, 500]
2022-08-20 13:52:00,053 INFO [default] Detect start!
2022-08-20 13:52:00,053 INFO [default] Enter q to exit.
2022-08-20 13:52:00,588 INFO [default] Find fire! At [660, 339]
2022-08-20 13:52:00,667 INFO [default] Detect start!
2022-08-20 13:52:00,667 INFO [default] Enter q to exit.
2022-08-20 13:52:01,244 INFO [default] Find fire! At [660, 339]
2022-08-20 13:52:01,317 INFO [default] Detect start!
2022-08-20 13:52:01,318 INFO [default] Enter q to exit.
2022-08-20 13:52:01,930 INFO [default] Find fire! At [652, 339]
2022-08-20 13:52:02,010 INFO [default] Detect start!
2022-08-20 13:52:02,011 INFO [default] Enter q to exit.
2022-08-20 13:52:02,631 INFO [default] Find fire! At [643, 341]
2022-08-20 13:52:02,702 INFO [default] Detect start!
2022-08-20 13:52:02,702 INFO [default] Enter q to exit.
2022-08-20 13:52:03,299 INFO [default] Find fire! At [648, 342;
 737, 495]
2022-08-20 13:52:03,301 INFO [default] Find fire! At [648, 342;
 737, 495]
2022-08-20 13:52:03,380 INFO [default] Detect start!
2022-08-20 13:52:03,381 INFO [default] Enter q to exit.
2022-08-20 13:52:03,973 INFO [default] Find fire! At [647, 343;
 682, 498]
2022-08-20 13:52:03,974 INFO [default] Find fire! At [647, 343;
 682, 498]
2022-08-20 13:52:04,059 INFO [default] Detect start!
2022-08-20 13:52:04,060 INFO [default] Enter q to exit.
2022-08-20 13:52:04,617 INFO [default] Find fire! At [652, 344]
2022-08-20 13:52:04,726 INFO [default] Detect start!
2022-08-20 13:52:04,726 INFO [default] Enter q to exit.
2022-08-20 13:52:05,264 INFO [default] Find fire! At [646, 347]
2022-08-20 13:52:05,347 INFO [default] Detect start!
2022-08-20 13:52:05,347 INFO [default] Enter q to exit.
2022-08-20 13:52:05,905 INFO [default] Find fire! At [649, 347]
2022-08-20 13:52:05,978 INFO [default] Detect start!
2022-08-20 13:52:05,978 INFO [default] Enter q to exit.
2022-08-20 13:52:06,551 INFO [default] Find fire! At [651, 346]
2022-08-20 13:52:06,626 INFO [default] Detect start!
2022-08-20 13:52:06,627 INFO [default] Enter q to exit.
2022-08-20 13:52:07,197 INFO [default] Find fire! At [713, 512;
 572, 520;
 655, 347]
2022-08-20 13:52:07,198 INFO [default] Find fire! At [713, 512;
 572, 520;
 655, 347]
2022-08-20 13:52:07,199 INFO [default] Find fire! At [713, 512;
 572, 520;
 655, 347]
2022-08-20 13:52:07,274 INFO [default] Detect start!
2022-08-20 13:52:07,275 INFO [default] Enter q to exit.
2022-08-20 13:52:07,841 INFO [default] Find fire! At [650, 346;
 725, 505;
 579, 536]
2022-08-20 13:52:07,841 INFO [default] Find fire! At [650, 346;
 725, 505;
 579, 536]
2022-08-20 13:52:07,842 INFO [default] Find fire! At [650, 346;
 725, 505;
 579, 536]
2022-08-20 13:52:07,921 INFO [default] Detect start!
2022-08-20 13:52:07,922 INFO [default] Enter q to exit.
2022-08-20 13:52:08,505 INFO [default] Find fire! At [648, 347;
 695, 502]
2022-08-20 13:52:08,506 INFO [default] Find fire! At [648, 347;
 695, 502]
2022-08-20 13:52:08,587 INFO [default] Detect start!
2022-08-20 13:52:08,587 INFO [default] Enter q to exit.
2022-08-20 13:52:09,159 INFO [default] Find fire! At [653, 351]
2022-08-20 13:52:09,235 INFO [default] Detect start!
2022-08-20 13:52:09,235 INFO [default] Enter q to exit.
2022-08-20 13:52:09,816 INFO [default] Find fire! At [659, 350;
 737, 507]
2022-08-20 13:52:09,817 INFO [default] Find fire! At [659, 350;
 737, 507]
2022-08-20 13:52:09,895 INFO [default] Detect start!
2022-08-20 13:52:09,895 INFO [default] Enter q to exit.
2022-08-20 13:52:10,489 INFO [default] Find fire! At [652, 350;
 695, 501]
2022-08-20 13:52:10,492 INFO [default] Find fire! At [652, 350;
 695, 501]
2022-08-20 13:52:10,573 INFO [default] Detect start!
2022-08-20 13:52:10,573 INFO [default] Enter q to exit.
2022-08-20 13:52:11,151 INFO [default] Find fire! At [651, 352;
 695, 500]
2022-08-20 13:52:11,152 INFO [default] Find fire! At [651, 352;
 695, 500]
2022-08-20 13:52:11,223 INFO [default] Detect start!
2022-08-20 13:52:11,223 INFO [default] Enter q to exit.
2022-08-20 13:52:12,225 INFO [default] Find fire! At [657, 354;
 579, 517]
2022-08-20 13:52:12,226 INFO [default] Find fire! At [657, 354;
 579, 517]
2022-08-20 13:52:12,300 INFO [default] Detect start!
2022-08-20 13:52:12,300 INFO [default] Enter q to exit.
2022-08-20 13:52:12,795 INFO [default] Find fire! At [655, 356;
 763, 522]
2022-08-20 13:52:12,796 INFO [default] Find fire! At [655, 356;
 763, 522]
2022-08-20 13:58:22,172 INFO [default] Check video_path and save_path.
2022-08-20 13:58:22,583 INFO [default] Detect start!
2022-08-20 13:58:22,584 INFO [default] Enter q to exit.
2022-08-20 13:58:26,777 INFO [default] Find fire! At [126, 3033;
 1523, 798;
 650, 1117;
 387, 2063;
 1344, 1137;
 1887, 2139;
 2032, 235;
 312, 1199;
 938, 3498;
 1600, 3254;
 915, 3024;
 912, 1409;
 278, 698;
 462, 689;
 464, 1354;
 958, 1424;
 1719, 2080;
 2020, 431;
 659, 977;
 814, 1046;
 1579, 1671;
 392, 1837;
 2039, 1844]
2022-08-20 13:58:26,779 INFO [default] Find fire! At [126, 3033;
 1523, 798;
 650, 1117;
 387, 2063;
 1344, 1137;
 1887, 2139;
 2032, 235;
 312, 1199;
 938, 3498;
 1600, 3254;
 915, 3024;
 912, 1409;
 278, 698;
 462, 689;
 464, 1354;
 958, 1424;
 1719, 2080;
 2020, 431;
 659, 977;
 814, 1046;
 1579, 1671;
 392, 1837;
 2039, 1844]
2022-08-20 13:58:26,781 INFO [default] Find fire! At [126, 3033;
 1523, 798;
 650, 1117;
 387, 2063;
 1344, 1137;
 1887, 2139;
 2032, 235;
 312, 1199;
 938, 3498;
 1600, 3254;
 915, 3024;
 912, 1409;
 278, 698;
 462, 689;
 464, 1354;
 958, 1424;
 1719, 2080;
 2020, 431;
 659, 977;
 814, 1046;
 1579, 1671;
 392, 1837;
 2039, 1844]
2022-08-20 13:58:26,783 INFO [default] Find fire! At [126, 3033;
 1523, 798;
 650, 1117;
 387, 2063;
 1344, 1137;
 1887, 2139;
 2032, 235;
 312, 1199;
 938, 3498;
 1600, 3254;
 915, 3024;
 912, 1409;
 278, 698;
 462, 689;
 464, 1354;
 958, 1424;
 1719, 2080;
 2020, 431;
 659, 977;
 814, 1046;
 1579, 1671;
 392, 1837;
 2039, 1844]
2022-08-20 13:58:26,784 INFO [default] Find fire! At [126, 3033;
 1523, 798;
 650, 1117;
 387, 2063;
 1344, 1137;
 1887, 2139;
 2032, 235;
 312, 1199;
 938, 3498;
 1600, 3254;
 915, 3024;
 912, 1409;
 278, 698;
 462, 689;
 464, 1354;
 958, 1424;
 1719, 2080;
 2020, 431;
 659, 977;
 814, 1046;
 1579, 1671;
 392, 1837;
 2039, 1844]
2022-08-20 13:58:26,785 INFO [default] Find fire! At [126, 3033;
 1523, 798;
 650, 1117;
 387, 2063;
 1344, 1137;
 1887, 2139;
 2032, 235;
 312, 1199;
 938, 3498;
 1600, 3254;
 915, 3024;
 912, 1409;
 278, 698;
 462, 689;
 464, 1354;
 958, 1424;
 1719, 2080;
 2020, 431;
 659, 977;
 814, 1046;
 1579, 1671;
 392, 1837;
 2039, 1844]
2022-08-20 13:58:26,788 INFO [default] Find fire! At [126, 3033;
 1523, 798;
 650, 1117;
 387, 2063;
 1344, 1137;
 1887, 2139;
 2032, 235;
 312, 1199;
 938, 3498;
 1600, 3254;
 915, 3024;
 912, 1409;
 278, 698;
 462, 689;
 464, 1354;
 958, 1424;
 1719, 2080;
 2020, 431;
 659, 977;
 814, 1046;
 1579, 1671;
 392, 1837;
 2039, 1844]
2022-08-20 13:58:26,790 INFO [default] Find fire! At [126, 3033;
 1523, 798;
 650, 1117;
 387, 2063;
 1344, 1137;
 1887, 2139;
 2032, 235;
 312, 1199;
 938, 3498;
 1600, 3254;
 915, 3024;
 912, 1409;
 278, 698;
 462, 689;
 464, 1354;
 958, 1424;
 1719, 2080;
 2020, 431;
 659, 977;
 814, 1046;
 1579, 1671;
 392, 1837;
 2039, 1844]
2022-08-20 13:58:26,792 INFO [default] Find fire! At [126, 3033;
 1523, 798;
 650, 1117;
 387, 2063;
 1344, 1137;
 1887, 2139;
 2032, 235;
 312, 1199;
 938, 3498;
 1600, 3254;
 915, 3024;
 912, 1409;
 278, 698;
 462, 689;
 464, 1354;
 958, 1424;
 1719, 2080;
 2020, 431;
 659, 977;
 814, 1046;
 1579, 1671;
 392, 1837;
 2039, 1844]
2022-08-20 13:58:26,797 INFO [default] Find fire! At [126, 3033;
 1523, 798;
 650, 1117;
 387, 2063;
 1344, 1137;
 1887, 2139;
 2032, 235;
 312, 1199;
 938, 3498;
 1600, 3254;
 915, 3024;
 912, 1409;
 278, 698;
 462, 689;
 464, 1354;
 958, 1424;
 1719, 2080;
 2020, 431;
 659, 977;
 814, 1046;
 1579, 1671;
 392, 1837;
 2039, 1844]
2022-08-20 13:58:26,799 INFO [default] Find fire! At [126, 3033;
 1523, 798;
 650, 1117;
 387, 2063;
 1344, 1137;
 1887, 2139;
 2032, 235;
 312, 1199;
 938, 3498;
 1600, 3254;
 915, 3024;
 912, 1409;
 278, 698;
 462, 689;
 464, 1354;
 958, 1424;
 1719, 2080;
 2020, 431;
 659, 977;
 814, 1046;
 1579, 1671;
 392, 1837;
 2039, 1844]
2022-08-20 13:58:26,800 INFO [default] Find fire! At [126, 3033;
 1523, 798;
 650, 1117;
 387, 2063;
 1344, 1137;
 1887, 2139;
 2032, 235;
 312, 1199;
 938, 3498;
 1600, 3254;
 915, 3024;
 912, 1409;
 278, 698;
 462, 689;
 464, 1354;
 958, 1424;
 1719, 2080;
 2020, 431;
 659, 977;
 814, 1046;
 1579, 1671;
 392, 1837;
 2039, 1844]
2022-08-20 13:58:26,802 INFO [default] Find fire! At [126, 3033;
 1523, 798;
 650, 1117;
 387, 2063;
 1344, 1137;
 1887, 2139;
 2032, 235;
 312, 1199;
 938, 3498;
 1600, 3254;
 915, 3024;
 912, 1409;
 278, 698;
 462, 689;
 464, 1354;
 958, 1424;
 1719, 2080;
 2020, 431;
 659, 977;
 814, 1046;
 1579, 1671;
 392, 1837;
 2039, 1844]
2022-08-20 13:58:26,805 INFO [default] Find fire! At [126, 3033;
 1523, 798;
 650, 1117;
 387, 2063;
 1344, 1137;
 1887, 2139;
 2032, 235;
 312, 1199;
 938, 3498;
 1600, 3254;
 915, 3024;
 912, 1409;
 278, 698;
 462, 689;
 464, 1354;
 958, 1424;
 1719, 2080;
 2020, 431;
 659, 977;
 814, 1046;
 1579, 1671;
 392, 1837;
 2039, 1844]
2022-08-20 13:58:26,807 INFO [default] Find fire! At [126, 3033;
 1523, 798;
 650, 1117;
 387, 2063;
 1344, 1137;
 1887, 2139;
 2032, 235;
 312, 1199;
 938, 3498;
 1600, 3254;
 915, 3024;
 912, 1409;
 278, 698;
 462, 689;
 464, 1354;
 958, 1424;
 1719, 2080;
 2020, 431;
 659, 977;
 814, 1046;
 1579, 1671;
 392, 1837;
 2039, 1844]
2022-08-20 13:58:26,809 INFO [default] Find fire! At [126, 3033;
 1523, 798;
 650, 1117;
 387, 2063;
 1344, 1137;
 1887, 2139;
 2032, 235;
 312, 1199;
 938, 3498;
 1600, 3254;
 915, 3024;
 912, 1409;
 278, 698;
 462, 689;
 464, 1354;
 958, 1424;
 1719, 2080;
 2020, 431;
 659, 977;
 814, 1046;
 1579, 1671;
 392, 1837;
 2039, 1844]
2022-08-20 13:58:26,813 INFO [default] Find fire! At [126, 3033;
 1523, 798;
 650, 1117;
 387, 2063;
 1344, 1137;
 1887, 2139;
 2032, 235;
 312, 1199;
 938, 3498;
 1600, 3254;
 915, 3024;
 912, 1409;
 278, 698;
 462, 689;
 464, 1354;
 958, 1424;
 1719, 2080;
 2020, 431;
 659, 977;
 814, 1046;
 1579, 1671;
 392, 1837;
 2039, 1844]
2022-08-20 13:58:26,815 INFO [default] Find fire! At [126, 3033;
 1523, 798;
 650, 1117;
 387, 2063;
 1344, 1137;
 1887, 2139;
 2032, 235;
 312, 1199;
 938, 3498;
 1600, 3254;
 915, 3024;
 912, 1409;
 278, 698;
 462, 689;
 464, 1354;
 958, 1424;
 1719, 2080;
 2020, 431;
 659, 977;
 814, 1046;
 1579, 1671;
 392, 1837;
 2039, 1844]
2022-08-20 13:58:26,817 INFO [default] Find fire! At [126, 3033;
 1523, 798;
 650, 1117;
 387, 2063;
 1344, 1137;
 1887, 2139;
 2032, 235;
 312, 1199;
 938, 3498;
 1600, 3254;
 915, 3024;
 912, 1409;
 278, 698;
 462, 689;
 464, 1354;
 958, 1424;
 1719, 2080;
 2020, 431;
 659, 977;
 814, 1046;
 1579, 1671;
 392, 1837;
 2039, 1844]
2022-08-20 13:58:26,818 INFO [default] Find fire! At [126, 3033;
 1523, 798;
 650, 1117;
 387, 2063;
 1344, 1137;
 1887, 2139;
 2032, 235;
 312, 1199;
 938, 3498;
 1600, 3254;
 915, 3024;
 912, 1409;
 278, 698;
 462, 689;
 464, 1354;
 958, 1424;
 1719, 2080;
 2020, 431;
 659, 977;
 814, 1046;
 1579, 1671;
 392, 1837;
 2039, 1844]
2022-08-20 13:58:26,820 INFO [default] Find fire! At [126, 3033;
 1523, 798;
 650, 1117;
 387, 2063;
 1344, 1137;
 1887, 2139;
 2032, 235;
 312, 1199;
 938, 3498;
 1600, 3254;
 915, 3024;
 912, 1409;
 278, 698;
 462, 689;
 464, 1354;
 958, 1424;
 1719, 2080;
 2020, 431;
 659, 977;
 814, 1046;
 1579, 1671;
 392, 1837;
 2039, 1844]
2022-08-20 13:58:26,823 INFO [default] Find fire! At [126, 3033;
 1523, 798;
 650, 1117;
 387, 2063;
 1344, 1137;
 1887, 2139;
 2032, 235;
 312, 1199;
 938, 3498;
 1600, 3254;
 915, 3024;
 912, 1409;
 278, 698;
 462, 689;
 464, 1354;
 958, 1424;
 1719, 2080;
 2020, 431;
 659, 977;
 814, 1046;
 1579, 1671;
 392, 1837;
 2039, 1844]
2022-08-20 13:58:26,825 INFO [default] Find fire! At [126, 3033;
 1523, 798;
 650, 1117;
 387, 2063;
 1344, 1137;
 1887, 2139;
 2032, 235;
 312, 1199;
 938, 3498;
 1600, 3254;
 915, 3024;
 912, 1409;
 278, 698;
 462, 689;
 464, 1354;
 958, 1424;
 1719, 2080;
 2020, 431;
 659, 977;
 814, 1046;
 1579, 1671;
 392, 1837;
 2039, 1844]
2022-08-20 13:58:27,224 INFO [default] Detect start!
2022-08-20 13:58:27,225 INFO [default] Enter q to exit.
2022-08-20 13:58:30,808 INFO [default] Find fire! At [1137, 1228;
 650, 1121;
 127, 3030;
 1887, 2141;
 1342, 1134;
 2031, 225;
 313, 1210;
 932, 3496;
 959, 1425;
 913, 2391;
 2020, 434;
 112, 2809;
 1580, 1673;
 453, 670;
 275, 713;
 129, 3692;
 397, 1831;
 1966, 1820;
 655, 979;
 815, 1046;
 770, 935]
2022-08-20 13:58:30,809 INFO [default] Find fire! At [1137, 1228;
 650, 1121;
 127, 3030;
 1887, 2141;
 1342, 1134;
 2031, 225;
 313, 1210;
 932, 3496;
 959, 1425;
 913, 2391;
 2020, 434;
 112, 2809;
 1580, 1673;
 453, 670;
 275, 713;
 129, 3692;
 397, 1831;
 1966, 1820;
 655, 979;
 815, 1046;
 770, 935]
2022-08-20 13:58:30,810 INFO [default] Find fire! At [1137, 1228;
 650, 1121;
 127, 3030;
 1887, 2141;
 1342, 1134;
 2031, 225;
 313, 1210;
 932, 3496;
 959, 1425;
 913, 2391;
 2020, 434;
 112, 2809;
 1580, 1673;
 453, 670;
 275, 713;
 129, 3692;
 397, 1831;
 1966, 1820;
 655, 979;
 815, 1046;
 770, 935]
2022-08-20 13:58:30,812 INFO [default] Find fire! At [1137, 1228;
 650, 1121;
 127, 3030;
 1887, 2141;
 1342, 1134;
 2031, 225;
 313, 1210;
 932, 3496;
 959, 1425;
 913, 2391;
 2020, 434;
 112, 2809;
 1580, 1673;
 453, 670;
 275, 713;
 129, 3692;
 397, 1831;
 1966, 1820;
 655, 979;
 815, 1046;
 770, 935]
2022-08-20 13:58:30,813 INFO [default] Find fire! At [1137, 1228;
 650, 1121;
 127, 3030;
 1887, 2141;
 1342, 1134;
 2031, 225;
 313, 1210;
 932, 3496;
 959, 1425;
 913, 2391;
 2020, 434;
 112, 2809;
 1580, 1673;
 453, 670;
 275, 713;
 129, 3692;
 397, 1831;
 1966, 1820;
 655, 979;
 815, 1046;
 770, 935]
2022-08-20 13:58:30,816 INFO [default] Find fire! At [1137, 1228;
 650, 1121;
 127, 3030;
 1887, 2141;
 1342, 1134;
 2031, 225;
 313, 1210;
 932, 3496;
 959, 1425;
 913, 2391;
 2020, 434;
 112, 2809;
 1580, 1673;
 453, 670;
 275, 713;
 129, 3692;
 397, 1831;
 1966, 1820;
 655, 979;
 815, 1046;
 770, 935]
2022-08-20 13:58:30,819 INFO [default] Find fire! At [1137, 1228;
 650, 1121;
 127, 3030;
 1887, 2141;
 1342, 1134;
 2031, 225;
 313, 1210;
 932, 3496;
 959, 1425;
 913, 2391;
 2020, 434;
 112, 2809;
 1580, 1673;
 453, 670;
 275, 713;
 129, 3692;
 397, 1831;
 1966, 1820;
 655, 979;
 815, 1046;
 770, 935]
2022-08-20 13:58:30,823 INFO [default] Find fire! At [1137, 1228;
 650, 1121;
 127, 3030;
 1887, 2141;
 1342, 1134;
 2031, 225;
 313, 1210;
 932, 3496;
 959, 1425;
 913, 2391;
 2020, 434;
 112, 2809;
 1580, 1673;
 453, 670;
 275, 713;
 129, 3692;
 397, 1831;
 1966, 1820;
 655, 979;
 815, 1046;
 770, 935]
2022-08-20 13:58:30,825 INFO [default] Find fire! At [1137, 1228;
 650, 1121;
 127, 3030;
 1887, 2141;
 1342, 1134;
 2031, 225;
 313, 1210;
 932, 3496;
 959, 1425;
 913, 2391;
 2020, 434;
 112, 2809;
 1580, 1673;
 453, 670;
 275, 713;
 129, 3692;
 397, 1831;
 1966, 1820;
 655, 979;
 815, 1046;
 770, 935]
2022-08-20 13:58:30,826 INFO [default] Find fire! At [1137, 1228;
 650, 1121;
 127, 3030;
 1887, 2141;
 1342, 1134;
 2031, 225;
 313, 1210;
 932, 3496;
 959, 1425;
 913, 2391;
 2020, 434;
 112, 2809;
 1580, 1673;
 453, 670;
 275, 713;
 129, 3692;
 397, 1831;
 1966, 1820;
 655, 979;
 815, 1046;
 770, 935]
2022-08-20 13:58:30,828 INFO [default] Find fire! At [1137, 1228;
 650, 1121;
 127, 3030;
 1887, 2141;
 1342, 1134;
 2031, 225;
 313, 1210;
 932, 3496;
 959, 1425;
 913, 2391;
 2020, 434;
 112, 2809;
 1580, 1673;
 453, 670;
 275, 713;
 129, 3692;
 397, 1831;
 1966, 1820;
 655, 979;
 815, 1046;
 770, 935]
2022-08-20 13:58:30,830 INFO [default] Find fire! At [1137, 1228;
 650, 1121;
 127, 3030;
 1887, 2141;
 1342, 1134;
 2031, 225;
 313, 1210;
 932, 3496;
 959, 1425;
 913, 2391;
 2020, 434;
 112, 2809;
 1580, 1673;
 453, 670;
 275, 713;
 129, 3692;
 397, 1831;
 1966, 1820;
 655, 979;
 815, 1046;
 770, 935]
2022-08-20 13:58:30,832 INFO [default] Find fire! At [1137, 1228;
 650, 1121;
 127, 3030;
 1887, 2141;
 1342, 1134;
 2031, 225;
 313, 1210;
 932, 3496;
 959, 1425;
 913, 2391;
 2020, 434;
 112, 2809;
 1580, 1673;
 453, 670;
 275, 713;
 129, 3692;
 397, 1831;
 1966, 1820;
 655, 979;
 815, 1046;
 770, 935]
2022-08-20 13:58:30,834 INFO [default] Find fire! At [1137, 1228;
 650, 1121;
 127, 3030;
 1887, 2141;
 1342, 1134;
 2031, 225;
 313, 1210;
 932, 3496;
 959, 1425;
 913, 2391;
 2020, 434;
 112, 2809;
 1580, 1673;
 453, 670;
 275, 713;
 129, 3692;
 397, 1831;
 1966, 1820;
 655, 979;
 815, 1046;
 770, 935]
2022-08-20 13:58:30,838 INFO [default] Find fire! At [1137, 1228;
 650, 1121;
 127, 3030;
 1887, 2141;
 1342, 1134;
 2031, 225;
 313, 1210;
 932, 3496;
 959, 1425;
 913, 2391;
 2020, 434;
 112, 2809;
 1580, 1673;
 453, 670;
 275, 713;
 129, 3692;
 397, 1831;
 1966, 1820;
 655, 979;
 815, 1046;
 770, 935]
2022-08-20 13:58:30,840 INFO [default] Find fire! At [1137, 1228;
 650, 1121;
 127, 3030;
 1887, 2141;
 1342, 1134;
 2031, 225;
 313, 1210;
 932, 3496;
 959, 1425;
 913, 2391;
 2020, 434;
 112, 2809;
 1580, 1673;
 453, 670;
 275, 713;
 129, 3692;
 397, 1831;
 1966, 1820;
 655, 979;
 815, 1046;
 770, 935]
2022-08-20 13:58:30,842 INFO [default] Find fire! At [1137, 1228;
 650, 1121;
 127, 3030;
 1887, 2141;
 1342, 1134;
 2031, 225;
 313, 1210;
 932, 3496;
 959, 1425;
 913, 2391;
 2020, 434;
 112, 2809;
 1580, 1673;
 453, 670;
 275, 713;
 129, 3692;
 397, 1831;
 1966, 1820;
 655, 979;
 815, 1046;
 770, 935]
2022-08-20 13:58:30,843 INFO [default] Find fire! At [1137, 1228;
 650, 1121;
 127, 3030;
 1887, 2141;
 1342, 1134;
 2031, 225;
 313, 1210;
 932, 3496;
 959, 1425;
 913, 2391;
 2020, 434;
 112, 2809;
 1580, 1673;
 453, 670;
 275, 713;
 129, 3692;
 397, 1831;
 1966, 1820;
 655, 979;
 815, 1046;
 770, 935]
2022-08-20 13:58:30,845 INFO [default] Find fire! At [1137, 1228;
 650, 1121;
 127, 3030;
 1887, 2141;
 1342, 1134;
 2031, 225;
 313, 1210;
 932, 3496;
 959, 1425;
 913, 2391;
 2020, 434;
 112, 2809;
 1580, 1673;
 453, 670;
 275, 713;
 129, 3692;
 397, 1831;
 1966, 1820;
 655, 979;
 815, 1046;
 770, 935]
2022-08-20 13:58:30,847 INFO [default] Find fire! At [1137, 1228;
 650, 1121;
 127, 3030;
 1887, 2141;
 1342, 1134;
 2031, 225;
 313, 1210;
 932, 3496;
 959, 1425;
 913, 2391;
 2020, 434;
 112, 2809;
 1580, 1673;
 453, 670;
 275, 713;
 129, 3692;
 397, 1831;
 1966, 1820;
 655, 979;
 815, 1046;
 770, 935]
2022-08-20 13:58:30,850 INFO [default] Find fire! At [1137, 1228;
 650, 1121;
 127, 3030;
 1887, 2141;
 1342, 1134;
 2031, 225;
 313, 1210;
 932, 3496;
 959, 1425;
 913, 2391;
 2020, 434;
 112, 2809;
 1580, 1673;
 453, 670;
 275, 713;
 129, 3692;
 397, 1831;
 1966, 1820;
 655, 979;
 815, 1046;
 770, 935]
2022-08-20 13:58:31,247 INFO [default] Detect start!
2022-08-20 13:58:31,248 INFO [default] Enter q to exit.
2022-08-20 13:58:34,772 INFO [default] Find fire! At [128, 3032;
 1136, 1240;
 650, 1118;
 1342, 1141;
 313, 1198;
 2030, 231;
 1902, 2152;
 779, 3506;
 1877, 3438;
 540, 3241;
 2028, 1233;
 1620, 1250;
 951, 1432;
 2021, 445;
 275, 705;
 130, 3688;
 415, 1819;
 660, 980;
 2038, 1845;
 812, 1048;
 763, 927]
2022-08-20 13:58:34,773 INFO [default] Find fire! At [128, 3032;
 1136, 1240;
 650, 1118;
 1342, 1141;
 313, 1198;
 2030, 231;
 1902, 2152;
 779, 3506;
 1877, 3438;
 540, 3241;
 2028, 1233;
 1620, 1250;
 951, 1432;
 2021, 445;
 275, 705;
 130, 3688;
 415, 1819;
 660, 980;
 2038, 1845;
 812, 1048;
 763, 927]
2022-08-20 13:58:34,774 INFO [default] Find fire! At [128, 3032;
 1136, 1240;
 650, 1118;
 1342, 1141;
 313, 1198;
 2030, 231;
 1902, 2152;
 779, 3506;
 1877, 3438;
 540, 3241;
 2028, 1233;
 1620, 1250;
 951, 1432;
 2021, 445;
 275, 705;
 130, 3688;
 415, 1819;
 660, 980;
 2038, 1845;
 812, 1048;
 763, 927]
2022-08-20 13:58:34,775 INFO [default] Find fire! At [128, 3032;
 1136, 1240;
 650, 1118;
 1342, 1141;
 313, 1198;
 2030, 231;
 1902, 2152;
 779, 3506;
 1877, 3438;
 540, 3241;
 2028, 1233;
 1620, 1250;
 951, 1432;
 2021, 445;
 275, 705;
 130, 3688;
 415, 1819;
 660, 980;
 2038, 1845;
 812, 1048;
 763, 927]
2022-08-20 13:58:34,777 INFO [default] Find fire! At [128, 3032;
 1136, 1240;
 650, 1118;
 1342, 1141;
 313, 1198;
 2030, 231;
 1902, 2152;
 779, 3506;
 1877, 3438;
 540, 3241;
 2028, 1233;
 1620, 1250;
 951, 1432;
 2021, 445;
 275, 705;
 130, 3688;
 415, 1819;
 660, 980;
 2038, 1845;
 812, 1048;
 763, 927]
2022-08-20 13:58:34,778 INFO [default] Find fire! At [128, 3032;
 1136, 1240;
 650, 1118;
 1342, 1141;
 313, 1198;
 2030, 231;
 1902, 2152;
 779, 3506;
 1877, 3438;
 540, 3241;
 2028, 1233;
 1620, 1250;
 951, 1432;
 2021, 445;
 275, 705;
 130, 3688;
 415, 1819;
 660, 980;
 2038, 1845;
 812, 1048;
 763, 927]
2022-08-20 13:58:34,780 INFO [default] Find fire! At [128, 3032;
 1136, 1240;
 650, 1118;
 1342, 1141;
 313, 1198;
 2030, 231;
 1902, 2152;
 779, 3506;
 1877, 3438;
 540, 3241;
 2028, 1233;
 1620, 1250;
 951, 1432;
 2021, 445;
 275, 705;
 130, 3688;
 415, 1819;
 660, 980;
 2038, 1845;
 812, 1048;
 763, 927]
2022-08-20 13:58:34,785 INFO [default] Find fire! At [128, 3032;
 1136, 1240;
 650, 1118;
 1342, 1141;
 313, 1198;
 2030, 231;
 1902, 2152;
 779, 3506;
 1877, 3438;
 540, 3241;
 2028, 1233;
 1620, 1250;
 951, 1432;
 2021, 445;
 275, 705;
 130, 3688;
 415, 1819;
 660, 980;
 2038, 1845;
 812, 1048;
 763, 927]
2022-08-20 13:58:34,786 INFO [default] Find fire! At [128, 3032;
 1136, 1240;
 650, 1118;
 1342, 1141;
 313, 1198;
 2030, 231;
 1902, 2152;
 779, 3506;
 1877, 3438;
 540, 3241;
 2028, 1233;
 1620, 1250;
 951, 1432;
 2021, 445;
 275, 705;
 130, 3688;
 415, 1819;
 660, 980;
 2038, 1845;
 812, 1048;
 763, 927]
2022-08-20 13:58:34,788 INFO [default] Find fire! At [128, 3032;
 1136, 1240;
 650, 1118;
 1342, 1141;
 313, 1198;
 2030, 231;
 1902, 2152;
 779, 3506;
 1877, 3438;
 540, 3241;
 2028, 1233;
 1620, 1250;
 951, 1432;
 2021, 445;
 275, 705;
 130, 3688;
 415, 1819;
 660, 980;
 2038, 1845;
 812, 1048;
 763, 927]
2022-08-20 13:58:34,789 INFO [default] Find fire! At [128, 3032;
 1136, 1240;
 650, 1118;
 1342, 1141;
 313, 1198;
 2030, 231;
 1902, 2152;
 779, 3506;
 1877, 3438;
 540, 3241;
 2028, 1233;
 1620, 1250;
 951, 1432;
 2021, 445;
 275, 705;
 130, 3688;
 415, 1819;
 660, 980;
 2038, 1845;
 812, 1048;
 763, 927]
2022-08-20 13:58:34,790 INFO [default] Find fire! At [128, 3032;
 1136, 1240;
 650, 1118;
 1342, 1141;
 313, 1198;
 2030, 231;
 1902, 2152;
 779, 3506;
 1877, 3438;
 540, 3241;
 2028, 1233;
 1620, 1250;
 951, 1432;
 2021, 445;
 275, 705;
 130, 3688;
 415, 1819;
 660, 980;
 2038, 1845;
 812, 1048;
 763, 927]
2022-08-20 13:58:34,792 INFO [default] Find fire! At [128, 3032;
 1136, 1240;
 650, 1118;
 1342, 1141;
 313, 1198;
 2030, 231;
 1902, 2152;
 779, 3506;
 1877, 3438;
 540, 3241;
 2028, 1233;
 1620, 1250;
 951, 1432;
 2021, 445;
 275, 705;
 130, 3688;
 415, 1819;
 660, 980;
 2038, 1845;
 812, 1048;
 763, 927]
2022-08-20 13:58:34,793 INFO [default] Find fire! At [128, 3032;
 1136, 1240;
 650, 1118;
 1342, 1141;
 313, 1198;
 2030, 231;
 1902, 2152;
 779, 3506;
 1877, 3438;
 540, 3241;
 2028, 1233;
 1620, 1250;
 951, 1432;
 2021, 445;
 275, 705;
 130, 3688;
 415, 1819;
 660, 980;
 2038, 1845;
 812, 1048;
 763, 927]
2022-08-20 13:58:34,795 INFO [default] Find fire! At [128, 3032;
 1136, 1240;
 650, 1118;
 1342, 1141;
 313, 1198;
 2030, 231;
 1902, 2152;
 779, 3506;
 1877, 3438;
 540, 3241;
 2028, 1233;
 1620, 1250;
 951, 1432;
 2021, 445;
 275, 705;
 130, 3688;
 415, 1819;
 660, 980;
 2038, 1845;
 812, 1048;
 763, 927]
2022-08-20 13:58:34,800 INFO [default] Find fire! At [128, 3032;
 1136, 1240;
 650, 1118;
 1342, 1141;
 313, 1198;
 2030, 231;
 1902, 2152;
 779, 3506;
 1877, 3438;
 540, 3241;
 2028, 1233;
 1620, 1250;
 951, 1432;
 2021, 445;
 275, 705;
 130, 3688;
 415, 1819;
 660, 980;
 2038, 1845;
 812, 1048;
 763, 927]
2022-08-20 13:58:34,802 INFO [default] Find fire! At [128, 3032;
 1136, 1240;
 650, 1118;
 1342, 1141;
 313, 1198;
 2030, 231;
 1902, 2152;
 779, 3506;
 1877, 3438;
 540, 3241;
 2028, 1233;
 1620, 1250;
 951, 1432;
 2021, 445;
 275, 705;
 130, 3688;
 415, 1819;
 660, 980;
 2038, 1845;
 812, 1048;
 763, 927]
2022-08-20 13:58:34,803 INFO [default] Find fire! At [128, 3032;
 1136, 1240;
 650, 1118;
 1342, 1141;
 313, 1198;
 2030, 231;
 1902, 2152;
 779, 3506;
 1877, 3438;
 540, 3241;
 2028, 1233;
 1620, 1250;
 951, 1432;
 2021, 445;
 275, 705;
 130, 3688;
 415, 1819;
 660, 980;
 2038, 1845;
 812, 1048;
 763, 927]
2022-08-20 13:58:34,805 INFO [default] Find fire! At [128, 3032;
 1136, 1240;
 650, 1118;
 1342, 1141;
 313, 1198;
 2030, 231;
 1902, 2152;
 779, 3506;
 1877, 3438;
 540, 3241;
 2028, 1233;
 1620, 1250;
 951, 1432;
 2021, 445;
 275, 705;
 130, 3688;
 415, 1819;
 660, 980;
 2038, 1845;
 812, 1048;
 763, 927]
2022-08-20 13:58:34,806 INFO [default] Find fire! At [128, 3032;
 1136, 1240;
 650, 1118;
 1342, 1141;
 313, 1198;
 2030, 231;
 1902, 2152;
 779, 3506;
 1877, 3438;
 540, 3241;
 2028, 1233;
 1620, 1250;
 951, 1432;
 2021, 445;
 275, 705;
 130, 3688;
 415, 1819;
 660, 980;
 2038, 1845;
 812, 1048;
 763, 927]
2022-08-20 13:58:34,808 INFO [default] Find fire! At [128, 3032;
 1136, 1240;
 650, 1118;
 1342, 1141;
 313, 1198;
 2030, 231;
 1902, 2152;
 779, 3506;
 1877, 3438;
 540, 3241;
 2028, 1233;
 1620, 1250;
 951, 1432;
 2021, 445;
 275, 705;
 130, 3688;
 415, 1819;
 660, 980;
 2038, 1845;
 812, 1048;
 763, 927]
2022-08-20 13:58:35,123 INFO [default] Detect start!
2022-08-20 13:58:35,123 INFO [default] Enter q to exit.
2022-08-20 13:58:38,669 INFO [default] Find fire! At [131, 3035;
 1520, 800;
 650, 1122;
 389, 2063;
 1899, 2155;
 1341, 1140;
 2035, 218;
 832, 1167;
 313, 1201;
 1847, 3401;
 773, 3511;
 913, 2318;
 1709, 1387;
 958, 1426;
 919, 1445;
 112, 2813;
 1579, 1675;
 281, 708;
 454, 685;
 2027, 3689;
 397, 1837;
 2038, 1840;
 658, 984;
 818, 1052]
2022-08-20 13:58:38,671 INFO [default] Find fire! At [131, 3035;
 1520, 800;
 650, 1122;
 389, 2063;
 1899, 2155;
 1341, 1140;
 2035, 218;
 832, 1167;
 313, 1201;
 1847, 3401;
 773, 3511;
 913, 2318;
 1709, 1387;
 958, 1426;
 919, 1445;
 112, 2813;
 1579, 1675;
 281, 708;
 454, 685;
 2027, 3689;
 397, 1837;
 2038, 1840;
 658, 984;
 818, 1052]
2022-08-20 13:58:38,673 INFO [default] Find fire! At [131, 3035;
 1520, 800;
 650, 1122;
 389, 2063;
 1899, 2155;
 1341, 1140;
 2035, 218;
 832, 1167;
 313, 1201;
 1847, 3401;
 773, 3511;
 913, 2318;
 1709, 1387;
 958, 1426;
 919, 1445;
 112, 2813;
 1579, 1675;
 281, 708;
 454, 685;
 2027, 3689;
 397, 1837;
 2038, 1840;
 658, 984;
 818, 1052]
2022-08-20 13:58:38,679 INFO [default] Find fire! At [131, 3035;
 1520, 800;
 650, 1122;
 389, 2063;
 1899, 2155;
 1341, 1140;
 2035, 218;
 832, 1167;
 313, 1201;
 1847, 3401;
 773, 3511;
 913, 2318;
 1709, 1387;
 958, 1426;
 919, 1445;
 112, 2813;
 1579, 1675;
 281, 708;
 454, 685;
 2027, 3689;
 397, 1837;
 2038, 1840;
 658, 984;
 818, 1052]
2022-08-20 13:58:38,680 INFO [default] Find fire! At [131, 3035;
 1520, 800;
 650, 1122;
 389, 2063;
 1899, 2155;
 1341, 1140;
 2035, 218;
 832, 1167;
 313, 1201;
 1847, 3401;
 773, 3511;
 913, 2318;
 1709, 1387;
 958, 1426;
 919, 1445;
 112, 2813;
 1579, 1675;
 281, 708;
 454, 685;
 2027, 3689;
 397, 1837;
 2038, 1840;
 658, 984;
 818, 1052]
2022-08-20 13:58:38,682 INFO [default] Find fire! At [131, 3035;
 1520, 800;
 650, 1122;
 389, 2063;
 1899, 2155;
 1341, 1140;
 2035, 218;
 832, 1167;
 313, 1201;
 1847, 3401;
 773, 3511;
 913, 2318;
 1709, 1387;
 958, 1426;
 919, 1445;
 112, 2813;
 1579, 1675;
 281, 708;
 454, 685;
 2027, 3689;
 397, 1837;
 2038, 1840;
 658, 984;
 818, 1052]
2022-08-20 13:58:38,683 INFO [default] Find fire! At [131, 3035;
 1520, 800;
 650, 1122;
 389, 2063;
 1899, 2155;
 1341, 1140;
 2035, 218;
 832, 1167;
 313, 1201;
 1847, 3401;
 773, 3511;
 913, 2318;
 1709, 1387;
 958, 1426;
 919, 1445;
 112, 2813;
 1579, 1675;
 281, 708;
 454, 685;
 2027, 3689;
 397, 1837;
 2038, 1840;
 658, 984;
 818, 1052]
2022-08-20 13:58:38,685 INFO [default] Find fire! At [131, 3035;
 1520, 800;
 650, 1122;
 389, 2063;
 1899, 2155;
 1341, 1140;
 2035, 218;
 832, 1167;
 313, 1201;
 1847, 3401;
 773, 3511;
 913, 2318;
 1709, 1387;
 958, 1426;
 919, 1445;
 112, 2813;
 1579, 1675;
 281, 708;
 454, 685;
 2027, 3689;
 397, 1837;
 2038, 1840;
 658, 984;
 818, 1052]
2022-08-20 13:58:38,686 INFO [default] Find fire! At [131, 3035;
 1520, 800;
 650, 1122;
 389, 2063;
 1899, 2155;
 1341, 1140;
 2035, 218;
 832, 1167;
 313, 1201;
 1847, 3401;
 773, 3511;
 913, 2318;
 1709, 1387;
 958, 1426;
 919, 1445;
 112, 2813;
 1579, 1675;
 281, 708;
 454, 685;
 2027, 3689;
 397, 1837;
 2038, 1840;
 658, 984;
 818, 1052]
2022-08-20 13:58:38,688 INFO [default] Find fire! At [131, 3035;
 1520, 800;
 650, 1122;
 389, 2063;
 1899, 2155;
 1341, 1140;
 2035, 218;
 832, 1167;
 313, 1201;
 1847, 3401;
 773, 3511;
 913, 2318;
 1709, 1387;
 958, 1426;
 919, 1445;
 112, 2813;
 1579, 1675;
 281, 708;
 454, 685;
 2027, 3689;
 397, 1837;
 2038, 1840;
 658, 984;
 818, 1052]
2022-08-20 13:58:38,693 INFO [default] Find fire! At [131, 3035;
 1520, 800;
 650, 1122;
 389, 2063;
 1899, 2155;
 1341, 1140;
 2035, 218;
 832, 1167;
 313, 1201;
 1847, 3401;
 773, 3511;
 913, 2318;
 1709, 1387;
 958, 1426;
 919, 1445;
 112, 2813;
 1579, 1675;
 281, 708;
 454, 685;
 2027, 3689;
 397, 1837;
 2038, 1840;
 658, 984;
 818, 1052]
2022-08-20 13:58:38,695 INFO [default] Find fire! At [131, 3035;
 1520, 800;
 650, 1122;
 389, 2063;
 1899, 2155;
 1341, 1140;
 2035, 218;
 832, 1167;
 313, 1201;
 1847, 3401;
 773, 3511;
 913, 2318;
 1709, 1387;
 958, 1426;
 919, 1445;
 112, 2813;
 1579, 1675;
 281, 708;
 454, 685;
 2027, 3689;
 397, 1837;
 2038, 1840;
 658, 984;
 818, 1052]
2022-08-20 13:58:38,697 INFO [default] Find fire! At [131, 3035;
 1520, 800;
 650, 1122;
 389, 2063;
 1899, 2155;
 1341, 1140;
 2035, 218;
 832, 1167;
 313, 1201;
 1847, 3401;
 773, 3511;
 913, 2318;
 1709, 1387;
 958, 1426;
 919, 1445;
 112, 2813;
 1579, 1675;
 281, 708;
 454, 685;
 2027, 3689;
 397, 1837;
 2038, 1840;
 658, 984;
 818, 1052]
2022-08-20 13:58:38,698 INFO [default] Find fire! At [131, 3035;
 1520, 800;
 650, 1122;
 389, 2063;
 1899, 2155;
 1341, 1140;
 2035, 218;
 832, 1167;
 313, 1201;
 1847, 3401;
 773, 3511;
 913, 2318;
 1709, 1387;
 958, 1426;
 919, 1445;
 112, 2813;
 1579, 1675;
 281, 708;
 454, 685;
 2027, 3689;
 397, 1837;
 2038, 1840;
 658, 984;
 818, 1052]
2022-08-20 13:58:38,700 INFO [default] Find fire! At [131, 3035;
 1520, 800;
 650, 1122;
 389, 2063;
 1899, 2155;
 1341, 1140;
 2035, 218;
 832, 1167;
 313, 1201;
 1847, 3401;
 773, 3511;
 913, 2318;
 1709, 1387;
 958, 1426;
 919, 1445;
 112, 2813;
 1579, 1675;
 281, 708;
 454, 685;
 2027, 3689;
 397, 1837;
 2038, 1840;
 658, 984;
 818, 1052]
2022-08-20 13:58:38,701 INFO [default] Find fire! At [131, 3035;
 1520, 800;
 650, 1122;
 389, 2063;
 1899, 2155;
 1341, 1140;
 2035, 218;
 832, 1167;
 313, 1201;
 1847, 3401;
 773, 3511;
 913, 2318;
 1709, 1387;
 958, 1426;
 919, 1445;
 112, 2813;
 1579, 1675;
 281, 708;
 454, 685;
 2027, 3689;
 397, 1837;
 2038, 1840;
 658, 984;
 818, 1052]
2022-08-20 13:58:38,703 INFO [default] Find fire! At [131, 3035;
 1520, 800;
 650, 1122;
 389, 2063;
 1899, 2155;
 1341, 1140;
 2035, 218;
 832, 1167;
 313, 1201;
 1847, 3401;
 773, 3511;
 913, 2318;
 1709, 1387;
 958, 1426;
 919, 1445;
 112, 2813;
 1579, 1675;
 281, 708;
 454, 685;
 2027, 3689;
 397, 1837;
 2038, 1840;
 658, 984;
 818, 1052]
2022-08-20 13:58:38,708 INFO [default] Find fire! At [131, 3035;
 1520, 800;
 650, 1122;
 389, 2063;
 1899, 2155;
 1341, 1140;
 2035, 218;
 832, 1167;
 313, 1201;
 1847, 3401;
 773, 3511;
 913, 2318;
 1709, 1387;
 958, 1426;
 919, 1445;
 112, 2813;
 1579, 1675;
 281, 708;
 454, 685;
 2027, 3689;
 397, 1837;
 2038, 1840;
 658, 984;
 818, 1052]
2022-08-20 13:58:38,710 INFO [default] Find fire! At [131, 3035;
 1520, 800;
 650, 1122;
 389, 2063;
 1899, 2155;
 1341, 1140;
 2035, 218;
 832, 1167;
 313, 1201;
 1847, 3401;
 773, 3511;
 913, 2318;
 1709, 1387;
 958, 1426;
 919, 1445;
 112, 2813;
 1579, 1675;
 281, 708;
 454, 685;
 2027, 3689;
 397, 1837;
 2038, 1840;
 658, 984;
 818, 1052]
2022-08-20 13:58:38,712 INFO [default] Find fire! At [131, 3035;
 1520, 800;
 650, 1122;
 389, 2063;
 1899, 2155;
 1341, 1140;
 2035, 218;
 832, 1167;
 313, 1201;
 1847, 3401;
 773, 3511;
 913, 2318;
 1709, 1387;
 958, 1426;
 919, 1445;
 112, 2813;
 1579, 1675;
 281, 708;
 454, 685;
 2027, 3689;
 397, 1837;
 2038, 1840;
 658, 984;
 818, 1052]
2022-08-20 13:58:38,714 INFO [default] Find fire! At [131, 3035;
 1520, 800;
 650, 1122;
 389, 2063;
 1899, 2155;
 1341, 1140;
 2035, 218;
 832, 1167;
 313, 1201;
 1847, 3401;
 773, 3511;
 913, 2318;
 1709, 1387;
 958, 1426;
 919, 1445;
 112, 2813;
 1579, 1675;
 281, 708;
 454, 685;
 2027, 3689;
 397, 1837;
 2038, 1840;
 658, 984;
 818, 1052]
2022-08-20 13:58:38,715 INFO [default] Find fire! At [131, 3035;
 1520, 800;
 650, 1122;
 389, 2063;
 1899, 2155;
 1341, 1140;
 2035, 218;
 832, 1167;
 313, 1201;
 1847, 3401;
 773, 3511;
 913, 2318;
 1709, 1387;
 958, 1426;
 919, 1445;
 112, 2813;
 1579, 1675;
 281, 708;
 454, 685;
 2027, 3689;
 397, 1837;
 2038, 1840;
 658, 984;
 818, 1052]
2022-08-20 13:58:38,717 INFO [default] Find fire! At [131, 3035;
 1520, 800;
 650, 1122;
 389, 2063;
 1899, 2155;
 1341, 1140;
 2035, 218;
 832, 1167;
 313, 1201;
 1847, 3401;
 773, 3511;
 913, 2318;
 1709, 1387;
 958, 1426;
 919, 1445;
 112, 2813;
 1579, 1675;
 281, 708;
 454, 685;
 2027, 3689;
 397, 1837;
 2038, 1840;
 658, 984;
 818, 1052]
2022-08-20 13:58:38,719 INFO [default] Find fire! At [131, 3035;
 1520, 800;
 650, 1122;
 389, 2063;
 1899, 2155;
 1341, 1140;
 2035, 218;
 832, 1167;
 313, 1201;
 1847, 3401;
 773, 3511;
 913, 2318;
 1709, 1387;
 958, 1426;
 919, 1445;
 112, 2813;
 1579, 1675;
 281, 708;
 454, 685;
 2027, 3689;
 397, 1837;
 2038, 1840;
 658, 984;
 818, 1052]
2022-08-20 13:58:39,019 INFO [default] Detect start!
2022-08-20 13:58:39,019 INFO [default] Enter q to exit.
2022-08-20 13:58:42,607 INFO [default] Find fire! At [1136, 1232;
 650, 1115;
 132, 3033;
 1343, 1143;
 1891, 2147;
 313, 1229;
 2034, 223;
 775, 3509;
 526, 3261;
 1856, 3408;
 1624, 1252;
 964, 1426;
 924, 2398;
 2018, 434;
 1577, 1668;
 117, 2811;
 278, 701;
 411, 1820;
 2040, 1852;
 658, 985;
 812, 1049;
 764, 930;
 2028, 3689]
2022-08-20 13:58:42,609 INFO [default] Find fire! At [1136, 1232;
 650, 1115;
 132, 3033;
 1343, 1143;
 1891, 2147;
 313, 1229;
 2034, 223;
 775, 3509;
 526, 3261;
 1856, 3408;
 1624, 1252;
 964, 1426;
 924, 2398;
 2018, 434;
 1577, 1668;
 117, 2811;
 278, 701;
 411, 1820;
 2040, 1852;
 658, 985;
 812, 1049;
 764, 930;
 2028, 3689]
2022-08-20 13:58:42,610 INFO [default] Find fire! At [1136, 1232;
 650, 1115;
 132, 3033;
 1343, 1143;
 1891, 2147;
 313, 1229;
 2034, 223;
 775, 3509;
 526, 3261;
 1856, 3408;
 1624, 1252;
 964, 1426;
 924, 2398;
 2018, 434;
 1577, 1668;
 117, 2811;
 278, 701;
 411, 1820;
 2040, 1852;
 658, 985;
 812, 1049;
 764, 930;
 2028, 3689]
2022-08-20 13:58:42,612 INFO [default] Find fire! At [1136, 1232;
 650, 1115;
 132, 3033;
 1343, 1143;
 1891, 2147;
 313, 1229;
 2034, 223;
 775, 3509;
 526, 3261;
 1856, 3408;
 1624, 1252;
 964, 1426;
 924, 2398;
 2018, 434;
 1577, 1668;
 117, 2811;
 278, 701;
 411, 1820;
 2040, 1852;
 658, 985;
 812, 1049;
 764, 930;
 2028, 3689]
2022-08-20 13:58:42,614 INFO [default] Find fire! At [1136, 1232;
 650, 1115;
 132, 3033;
 1343, 1143;
 1891, 2147;
 313, 1229;
 2034, 223;
 775, 3509;
 526, 3261;
 1856, 3408;
 1624, 1252;
 964, 1426;
 924, 2398;
 2018, 434;
 1577, 1668;
 117, 2811;
 278, 701;
 411, 1820;
 2040, 1852;
 658, 985;
 812, 1049;
 764, 930;
 2028, 3689]
2022-08-20 13:58:42,616 INFO [default] Find fire! At [1136, 1232;
 650, 1115;
 132, 3033;
 1343, 1143;
 1891, 2147;
 313, 1229;
 2034, 223;
 775, 3509;
 526, 3261;
 1856, 3408;
 1624, 1252;
 964, 1426;
 924, 2398;
 2018, 434;
 1577, 1668;
 117, 2811;
 278, 701;
 411, 1820;
 2040, 1852;
 658, 985;
 812, 1049;
 764, 930;
 2028, 3689]
2022-08-20 13:58:42,620 INFO [default] Find fire! At [1136, 1232;
 650, 1115;
 132, 3033;
 1343, 1143;
 1891, 2147;
 313, 1229;
 2034, 223;
 775, 3509;
 526, 3261;
 1856, 3408;
 1624, 1252;
 964, 1426;
 924, 2398;
 2018, 434;
 1577, 1668;
 117, 2811;
 278, 701;
 411, 1820;
 2040, 1852;
 658, 985;
 812, 1049;
 764, 930;
 2028, 3689]
2022-08-20 13:58:42,621 INFO [default] Find fire! At [1136, 1232;
 650, 1115;
 132, 3033;
 1343, 1143;
 1891, 2147;
 313, 1229;
 2034, 223;
 775, 3509;
 526, 3261;
 1856, 3408;
 1624, 1252;
 964, 1426;
 924, 2398;
 2018, 434;
 1577, 1668;
 117, 2811;
 278, 701;
 411, 1820;
 2040, 1852;
 658, 985;
 812, 1049;
 764, 930;
 2028, 3689]
2022-08-20 13:58:42,624 INFO [default] Find fire! At [1136, 1232;
 650, 1115;
 132, 3033;
 1343, 1143;
 1891, 2147;
 313, 1229;
 2034, 223;
 775, 3509;
 526, 3261;
 1856, 3408;
 1624, 1252;
 964, 1426;
 924, 2398;
 2018, 434;
 1577, 1668;
 117, 2811;
 278, 701;
 411, 1820;
 2040, 1852;
 658, 985;
 812, 1049;
 764, 930;
 2028, 3689]
2022-08-20 13:58:42,625 INFO [default] Find fire! At [1136, 1232;
 650, 1115;
 132, 3033;
 1343, 1143;
 1891, 2147;
 313, 1229;
 2034, 223;
 775, 3509;
 526, 3261;
 1856, 3408;
 1624, 1252;
 964, 1426;
 924, 2398;
 2018, 434;
 1577, 1668;
 117, 2811;
 278, 701;
 411, 1820;
 2040, 1852;
 658, 985;
 812, 1049;
 764, 930;
 2028, 3689]
2022-08-20 13:58:42,627 INFO [default] Find fire! At [1136, 1232;
 650, 1115;
 132, 3033;
 1343, 1143;
 1891, 2147;
 313, 1229;
 2034, 223;
 775, 3509;
 526, 3261;
 1856, 3408;
 1624, 1252;
 964, 1426;
 924, 2398;
 2018, 434;
 1577, 1668;
 117, 2811;
 278, 701;
 411, 1820;
 2040, 1852;
 658, 985;
 812, 1049;
 764, 930;
 2028, 3689]
2022-08-20 13:58:42,628 INFO [default] Find fire! At [1136, 1232;
 650, 1115;
 132, 3033;
 1343, 1143;
 1891, 2147;
 313, 1229;
 2034, 223;
 775, 3509;
 526, 3261;
 1856, 3408;
 1624, 1252;
 964, 1426;
 924, 2398;
 2018, 434;
 1577, 1668;
 117, 2811;
 278, 701;
 411, 1820;
 2040, 1852;
 658, 985;
 812, 1049;
 764, 930;
 2028, 3689]
2022-08-20 13:58:42,630 INFO [default] Find fire! At [1136, 1232;
 650, 1115;
 132, 3033;
 1343, 1143;
 1891, 2147;
 313, 1229;
 2034, 223;
 775, 3509;
 526, 3261;
 1856, 3408;
 1624, 1252;
 964, 1426;
 924, 2398;
 2018, 434;
 1577, 1668;
 117, 2811;
 278, 701;
 411, 1820;
 2040, 1852;
 658, 985;
 812, 1049;
 764, 930;
 2028, 3689]
2022-08-20 13:58:42,632 INFO [default] Find fire! At [1136, 1232;
 650, 1115;
 132, 3033;
 1343, 1143;
 1891, 2147;
 313, 1229;
 2034, 223;
 775, 3509;
 526, 3261;
 1856, 3408;
 1624, 1252;
 964, 1426;
 924, 2398;
 2018, 434;
 1577, 1668;
 117, 2811;
 278, 701;
 411, 1820;
 2040, 1852;
 658, 985;
 812, 1049;
 764, 930;
 2028, 3689]
2022-08-20 13:58:42,636 INFO [default] Find fire! At [1136, 1232;
 650, 1115;
 132, 3033;
 1343, 1143;
 1891, 2147;
 313, 1229;
 2034, 223;
 775, 3509;
 526, 3261;
 1856, 3408;
 1624, 1252;
 964, 1426;
 924, 2398;
 2018, 434;
 1577, 1668;
 117, 2811;
 278, 701;
 411, 1820;
 2040, 1852;
 658, 985;
 812, 1049;
 764, 930;
 2028, 3689]
2022-08-20 13:58:42,637 INFO [default] Find fire! At [1136, 1232;
 650, 1115;
 132, 3033;
 1343, 1143;
 1891, 2147;
 313, 1229;
 2034, 223;
 775, 3509;
 526, 3261;
 1856, 3408;
 1624, 1252;
 964, 1426;
 924, 2398;
 2018, 434;
 1577, 1668;
 117, 2811;
 278, 701;
 411, 1820;
 2040, 1852;
 658, 985;
 812, 1049;
 764, 930;
 2028, 3689]
2022-08-20 13:58:42,639 INFO [default] Find fire! At [1136, 1232;
 650, 1115;
 132, 3033;
 1343, 1143;
 1891, 2147;
 313, 1229;
 2034, 223;
 775, 3509;
 526, 3261;
 1856, 3408;
 1624, 1252;
 964, 1426;
 924, 2398;
 2018, 434;
 1577, 1668;
 117, 2811;
 278, 701;
 411, 1820;
 2040, 1852;
 658, 985;
 812, 1049;
 764, 930;
 2028, 3689]
2022-08-20 13:58:42,641 INFO [default] Find fire! At [1136, 1232;
 650, 1115;
 132, 3033;
 1343, 1143;
 1891, 2147;
 313, 1229;
 2034, 223;
 775, 3509;
 526, 3261;
 1856, 3408;
 1624, 1252;
 964, 1426;
 924, 2398;
 2018, 434;
 1577, 1668;
 117, 2811;
 278, 701;
 411, 1820;
 2040, 1852;
 658, 985;
 812, 1049;
 764, 930;
 2028, 3689]
2022-08-20 13:58:42,643 INFO [default] Find fire! At [1136, 1232;
 650, 1115;
 132, 3033;
 1343, 1143;
 1891, 2147;
 313, 1229;
 2034, 223;
 775, 3509;
 526, 3261;
 1856, 3408;
 1624, 1252;
 964, 1426;
 924, 2398;
 2018, 434;
 1577, 1668;
 117, 2811;
 278, 701;
 411, 1820;
 2040, 1852;
 658, 985;
 812, 1049;
 764, 930;
 2028, 3689]
2022-08-20 13:58:42,644 INFO [default] Find fire! At [1136, 1232;
 650, 1115;
 132, 3033;
 1343, 1143;
 1891, 2147;
 313, 1229;
 2034, 223;
 775, 3509;
 526, 3261;
 1856, 3408;
 1624, 1252;
 964, 1426;
 924, 2398;
 2018, 434;
 1577, 1668;
 117, 2811;
 278, 701;
 411, 1820;
 2040, 1852;
 658, 985;
 812, 1049;
 764, 930;
 2028, 3689]
2022-08-20 13:58:42,646 INFO [default] Find fire! At [1136, 1232;
 650, 1115;
 132, 3033;
 1343, 1143;
 1891, 2147;
 313, 1229;
 2034, 223;
 775, 3509;
 526, 3261;
 1856, 3408;
 1624, 1252;
 964, 1426;
 924, 2398;
 2018, 434;
 1577, 1668;
 117, 2811;
 278, 701;
 411, 1820;
 2040, 1852;
 658, 985;
 812, 1049;
 764, 930;
 2028, 3689]
2022-08-20 13:58:42,648 INFO [default] Find fire! At [1136, 1232;
 650, 1115;
 132, 3033;
 1343, 1143;
 1891, 2147;
 313, 1229;
 2034, 223;
 775, 3509;
 526, 3261;
 1856, 3408;
 1624, 1252;
 964, 1426;
 924, 2398;
 2018, 434;
 1577, 1668;
 117, 2811;
 278, 701;
 411, 1820;
 2040, 1852;
 658, 985;
 812, 1049;
 764, 930;
 2028, 3689]
2022-08-20 13:58:42,653 INFO [default] Find fire! At [1136, 1232;
 650, 1115;
 132, 3033;
 1343, 1143;
 1891, 2147;
 313, 1229;
 2034, 223;
 775, 3509;
 526, 3261;
 1856, 3408;
 1624, 1252;
 964, 1426;
 924, 2398;
 2018, 434;
 1577, 1668;
 117, 2811;
 278, 701;
 411, 1820;
 2040, 1852;
 658, 985;
 812, 1049;
 764, 930;
 2028, 3689]
